<?xml version="1.0" encoding="UTF-8" ?>
<testsuite tests="15" failures="1" name="TestSuite" time="0.007" errors="0" skipped="0">
  <properties>
    <property name="java.runtime.name" value="Java(TM) SE Runtime Environment"/>
    <property name="sun.boot.library.path" value="C:\Program Files\Java\jdk1.8.0_91\jre\bin"/>
    <property name="java.vm.version" value="25.91-b15"/>
    <property name="java.vm.vendor" value="Oracle Corporation"/>
    <property name="maven.multiModuleProjectDirectory" value="D:\codebase\fusion-license-service\MasterMind"/>
    <property name="java.vendor.url" value="http://java.oracle.com/"/>
    <property name="path.separator" value=";"/>
    <property name="guice.disable.misplaced.annotation.check" value="true"/>
    <property name="java.vm.name" value="Java HotSpot(TM) 64-Bit Server VM"/>
    <property name="file.encoding.pkg" value="sun.io"/>
    <property name="user.script" value=""/>
    <property name="user.country" value="IN"/>
    <property name="sun.java.launcher" value="SUN_STANDARD"/>
    <property name="sun.os.patch.level" value="Service Pack 1"/>
    <property name="java.vm.specification.name" value="Java Virtual Machine Specification"/>
    <property name="user.dir" value="D:\codebase\fusion-license-service\MasterMind"/>
    <property name="java.runtime.version" value="1.8.0_91-b15"/>
    <property name="java.awt.graphicsenv" value="sun.awt.Win32GraphicsEnvironment"/>
    <property name="java.endorsed.dirs" value="C:\Program Files\Java\jdk1.8.0_91\jre\lib\endorsed"/>
    <property name="os.arch" value="amd64"/>
    <property name="java.io.tmpdir" value="D:\Users\npanthi\AppData\Local\Temp\"/>
    <property name="line.separator" value="
"/>
    <property name="java.vm.specification.vendor" value="Oracle Corporation"/>
    <property name="user.variant" value=""/>
    <property name="os.name" value="Windows 7"/>
    <property name="classworlds.conf" value="D:\Utility\Software\Development\apache-maven-3.3.9\bin\..\bin\m2.conf"/>
    <property name="sun.jnu.encoding" value="Cp1252"/>
    <property name="java.library.path" value="C:\Program Files\Java\jdk1.8.0_91\bin;C:\WINDOWS\Sun\Java\bin;C:\WINDOWS\system32;C:\WINDOWS;D:\Training\spring-1.4.1.RELEASE\bin;D:\node_installation\nodejs;c:\Program Files\MongoDB\Server\3.2\bin;C:\ProgramData\Oracle\Java\javapath;C:\Program Files (x86)\Mozilla Firefox;C:\cygwin\bin;C:\PROGRA~1\PTC\MKSTOO~1\bin64;C:\PROGRA~1\PTC\MKSTOO~1\bin;C:\PROGRA~1\PTC\MKSTOO~1\bin\X11;C:\PROGRA~1\PTC\MKSTOO~1\mksnt;C:\oraclexe\app\oracle\product\11.2.0\server\bin;D:\app\npanthi\product\11.2.0\client_1\bin;C:\Program Files\RSA SecurID Token Common;C:\WINDOWS\system32;C:\WINDOWS;C:\WINDOWS\System32\Wbem;C:\WINDOWS\System32\WindowsPowerShell\v1.0\;%windir%\cde\tools;C:\Program Files (x86)\WebEx\Productivity Tools;D:\Utility\cust_batch_scripts;C:\Program Files\Java\jdk1.8.0_91/bin;D:\Utility\Software\Development\apache-maven-3.3.9/bin;C:\PROGRA~1\MySQL\MYSQLS~1.6/bin;C:\Program Files\TortoiseSVN\bin;C:\Program Files\TortoiseGit\bin;C:\Program Files (x86)\Skype\Phone\;D:\node_installation\nvm;D:\Program Files\nodejs;C:\Program Files\Git\cmd;D:\Program Files\Redis\;C:\Ruby23-x64\bin;D:\node_installation\nvm;D:\node_installation\nodejs;D:\Program Files\Docker Toolbox;."/>
    <property name="java.specification.name" value="Java Platform API Specification"/>
    <property name="java.class.version" value="52.0"/>
    <property name="sun.management.compiler" value="HotSpot 64-Bit Tiered Compilers"/>
    <property name="os.version" value="6.1"/>
    <property name="user.home" value="D:\Users\npanthi"/>
    <property name="user.timezone" value="Asia/Calcutta"/>
    <property name="java.awt.printerjob" value="sun.awt.windows.WPrinterJob"/>
    <property name="java.specification.version" value="1.8"/>
    <property name="file.encoding" value="Cp1252"/>
    <property name="user.name" value="npanthi"/>
    <property name="java.class.path" value="D:\Utility\Software\Development\apache-maven-3.3.9\bin\..\boot\plexus-classworlds-2.5.2.jar"/>
    <property name="java.vm.specification.version" value="1.8"/>
    <property name="sun.arch.data.model" value="64"/>
    <property name="java.home" value="C:\Program Files\Java\jdk1.8.0_91\jre"/>
    <property name="sun.java.command" value="org.codehaus.plexus.classworlds.launcher.Launcher test"/>
    <property name="java.specification.vendor" value="Oracle Corporation"/>
    <property name="user.language" value="en"/>
    <property name="awt.toolkit" value="sun.awt.windows.WToolkit"/>
    <property name="java.vm.info" value="mixed mode"/>
    <property name="java.version" value="1.8.0_91"/>
    <property name="java.ext.dirs" value="C:\Program Files\Java\jdk1.8.0_91\jre\lib\ext;C:\WINDOWS\Sun\Java\lib\ext"/>
    <property name="sun.boot.class.path" value="C:\Program Files\Java\jdk1.8.0_91\jre\lib\resources.jar;C:\Program Files\Java\jdk1.8.0_91\jre\lib\rt.jar;C:\Program Files\Java\jdk1.8.0_91\jre\lib\sunrsasign.jar;C:\Program Files\Java\jdk1.8.0_91\jre\lib\jsse.jar;C:\Program Files\Java\jdk1.8.0_91\jre\lib\jce.jar;C:\Program Files\Java\jdk1.8.0_91\jre\lib\charsets.jar;C:\Program Files\Java\jdk1.8.0_91\jre\lib\jfr.jar;C:\Program Files\Java\jdk1.8.0_91\jre\classes"/>
    <property name="sun.stderr.encoding" value="cp437"/>
    <property name="java.vendor" value="Oracle Corporation"/>
    <property name="maven.home" value="D:\Utility\Software\Development\apache-maven-3.3.9\bin\.."/>
    <property name="file.separator" value="\"/>
    <property name="java.vendor.url.bug" value="http://bugreport.sun.com/bugreport/"/>
    <property name="sun.cpu.endian" value="little"/>
    <property name="sun.io.unicode.encoding" value="UnicodeLittle"/>
    <property name="sun.stdout.encoding" value="cp437"/>
    <property name="sun.desktop" value="windows"/>
    <property name="sun.cpu.isalist" value="amd64"/>
  </properties>
  <testcase classname="MastermindInputAttemptTest" name="ignoreSpacesInInput" time="0.001"/>
  <testcase classname="MastermindInputAttemptTest" name="ingoreCaseAndStoreColorCodeIfInputIsValid" time="0"/>
  <testcase classname="MastermindInputAttemptTest" name="storeAttemptIfInputIsValid" time="0.003">
    <failure type="java.lang.NullPointerException">java.lang.NullPointerException
	at MastermindInputAttemptTest.storeAttemptIfInputIsValid(MastermindInputAttemptTest.java:54)
</failure>
  </testcase>
  <testcase classname="MastermindInputAttemptTest" name="throwErrorIfColorsAreRepeatedInInput" time="0"/>
  <testcase classname="MastermindInputAttemptTest" name="throwErrorIfInputColorsHaveBlackOrWhite" time="0"/>
  <testcase classname="MastermindInputAttemptTest" name="throwErrorIfInputDoesNotContainExactlyFourColors" time="0"/>
  <testcase classname="MastermindInputAttemptTest" name="throwErrorIfInputIsInvalid" time="0"/>
  <testcase classname="MsstermindStoreTest" name="ignoreSpacesInInput" time="0.003"/>
  <testcase classname="MsstermindStoreTest" name="ingoreCaseAndStoreColorCodeIfInputIsValid" time="0"/>
  <testcase classname="MsstermindStoreTest" name="storeColorCodeIfInputIsValid" time="0"/>
  <testcase classname="MsstermindStoreTest" name="throwErrorIfColorsAreRepeatedInInput" time="0"/>
  <testcase classname="MsstermindStoreTest" name="throwErrorIfInputColorsHaveBlackOrWhite" time="0"/>
  <testcase classname="MsstermindStoreTest" name="throwErrorIfInputDoesNotContainExactlyFourColors" time="0"/>
  <testcase classname="MsstermindStoreTest" name="throwErrorIfInputIsEmptyString" time="0"/>
  <testcase classname="MsstermindStoreTest" name="throwErrorIfInputIsInvalid" time="0"/>
</testsuite>