<?xml version="1.0" encoding="UTF-8"?>
<!-- Generated by org.testng.reporters.JUnitReportReporter -->
<testsuite hostname="NPANTHI2L" name="MsstermindStoreTest" tests="8" failures="0" timestamp="17 Feb 2017 07:10:40 GMT" time="0.005" errors="0">
  <testcase name="throwErrorIfInputIsEmptyString" time="0.001" classname="MsstermindStoreTest"/>
  <testcase name="throwErrorIfColorsAreRepeatedInInput" time="0.001" classname="MsstermindStoreTest"/>
  <testcase name="throwErrorIfInputIsInvalid" time="0.000" classname="MsstermindStoreTest"/>
  <testcase name="throwErrorIfInputDoesNotContainExactlyFourColors" time="0.000" classname="MsstermindStoreTest"/>
  <testcase name="storeColorCodeIfInputIsValid" time="0.000" classname="MsstermindStoreTest"/>
  <testcase name="ignoreSpacesInInput" time="0.003" classname="MsstermindStoreTest"/>
  <testcase name="throwErrorIfInputColorsHaveBlackOrWhite" time="0.000" classname="MsstermindStoreTest"/>
  <testcase name="ingoreCaseAndStoreColorCodeIfInputIsValid" time="0.000" classname="MsstermindStoreTest"/>
</testsuite> <!-- MsstermindStoreTest -->
